<?xml version="1.0" encoding="UTF-8"?>
<beans xmlns="http://www.springframework.org/schema/beans"
       xmlns:xsi="http://www.w3.org/2001/XMLSchema-instance"
       xsi:schemaLocation="http://www.springframework.org/schema/beans http://www.springframework.org/schema/beans/spring-beans.xsd">


    <bean id="userDao" class="springbook.user.dao.UserDaoJdbc">
        <property name="dataSource" ref="dataSource" />
    </bean>
    <bean id="dataSource" class="org.springframework.jdbc.datasource.SimpleDriverDataSource" >
        <property name="driverClass" value="com.mysql.jdbc.Driver"></property>
        <property name="url" value="jdbc:mysql://localhost/test02"></property>
        <property name="username" value="root"></property>
        <property name="password" value="123123"></property>
    </bean>


    <bean id="transactionManager" class="org.springframework.jdbc.datasource.DataSourceTransactionManager">
        <property name="dataSource" ref="dataSource"/>
    </bean>

    <bean id="mailSender" class="springbook.user.service.DummyMailSender" />

    <!--p409 list 6-7-->
    <bean id="userServiceImpl" class="springbook.user.service.UserServiceImpl">
        <property name="userDao" ref="userDao"/>
        <property name="mailSender" ref="mailSender"/>
    </bean>

    <bean id="userService" class="springbook.user.service.TxProxyFactoryBean">
        <property name="target" value="userServiceImpl"/>
        <property name="transactionManager" ref="transactionManager"/>
        <property name="pettern" value="upgradeLevels"/>
        <property name="serviceInterface" value="springbook.user.service.UserService"/>
    </bean>


</beans>